<?xml version="1.0" encoding="UTF-8"?>
<testng-results skipped="0" failed="0" total="1" passed="1">
  <reporter-output>
  </reporter-output>
  <suite name="Default suite" duration-ms="21587" started-at="2018-07-02T06:13:36Z" finished-at="2018-07-02T06:13:58Z">
    <groups>
    </groups>
    <test name="Default test" duration-ms="21587" started-at="2018-07-02T06:13:36Z" finished-at="2018-07-02T06:13:58Z">
      <class name="namik.Namik">
        <test-method status="PASS" signature="display()[pri:0, instance:namik.Namik@17fd0e6]" name="display" duration-ms="21544" started-at="2018-07-02T11:43:36Z" finished-at="2018-07-02T11:43:58Z">
          <reporter-output>
          </reporter-output>
        </test-method> <!-- display -->
      </class> <!-- namik.Namik -->
    </test> <!-- Default test -->
  </suite> <!-- Default suite -->
</testng-results>
